Welcome to Railroad Runners!
Use the following keys to control your character: (🏃):
a: Move left
d: Move right
s: Crouch (🧎)
w: Jump (🤸)
or press ' to continue moving forward.
You must crouch under barriers (🚧)
and jump over trains (🚆).
You should avoid walls (🧱) and collect cash (💵).
On top of collecting cash, running on trains and going under barriers will get you extra points.
When you've had enough, press q to quit. Have fun!
Enter a non-zero number for the seed: Seed set to 1521
|  ||  ||  ||  ||  |
|  ||  ||  ||  ||  |
|  ||  ||  ||  ||  |
|  ||  ||  ||  ||  |
|  ||  ||  ||  ||  |
|  ||  ||  ||  ||  |
|  ||  ||  ||  ||  |
|  ||  ||  ||  ||  |
|  ||  ||  ||  ||  |
|  ||  ||  ||  ||  |
|  ||  ||  ||  ||  |
|  ||  ||🚧||  ||  |
|  ||  ||  ||  ||  |
|🧱||🚆||💵||  ||  |
|  ||  ||  ||  ||  |
|  ||  ||  ||  ||  |
|  ||  ||  ||  ||  |
|  ||  ||  ||  ||  |
|  ||  ||🏃||  ||  |
|  ||  ||  ||  ||  |
Score: 0
|  ||  ||  ||  ||  |
|  ||  ||  ||  ||  |
|  ||  ||  ||  ||  |
|  ||  ||  ||  ||  |
|  ||  ||  ||  ||  |
|  ||  ||  ||  ||  |
|  ||  ||  ||  ||  |
|  ||  ||  ||  ||  |
|  ||  ||  ||  ||  |
|  ||  ||  ||  ||  |
|  ||  ||  ||  ||  |
|  ||  ||🚧||  ||  |
|  ||  ||  ||  ||  |
|🧱||🚆||💵||  ||  |
|  ||  ||  ||  ||  |
|  ||  ||  ||  ||  |
|  ||  ||  ||  ||  |
|  ||  ||  ||  ||  |
|  ||  ||  ||🏃||  |
|  ||  ||  ||  ||  |
Score: 0
|  ||  ||  ||  ||  |
|  ||  ||  ||  ||  |
|  ||  ||  ||  ||  |
|  ||  ||  ||  ||  |
|  ||  ||  ||  ||  |
|  ||  ||  ||  ||  |
|  ||  ||  ||  ||  |
|  ||  ||  ||  ||  |
|  ||  ||  ||  ||  |
|  ||  ||  ||  ||  |
|  ||  ||  ||  ||  |
|  ||  ||🚧||  ||  |
|  ||  ||  ||  ||  |
|🧱||🚆||💵||  ||  |
|  ||  ||  ||  ||  |
|  ||  ||  ||  ||  |
|  ||  ||  ||  ||  |
|  ||  ||  ||  ||  |
|  ||  ||🏃||  ||  |
|  ||  ||  ||  ||  |
Score: 0
|  ||  ||  ||  ||  |
|  ||  ||  ||  ||  |
|  ||  ||  ||  ||  |
|  ||  ||  ||  ||  |
|  ||  ||  ||  ||  |
|  ||  ||  ||  ||  |
|  ||  ||  ||  ||  |
|  ||  ||  ||  ||  |
|  ||  ||  ||  ||  |
|  ||  ||  ||  ||  |
|  ||  ||  ||  ||  |
|  ||  ||🚧||  ||  |
|  ||  ||  ||  ||  |
|🧱||🚆||💵||  ||  |
|  ||  ||  ||  ||  |
|  ||  ||  ||  ||  |
|  ||  ||  ||  ||  |
|  ||  ||  ||  ||  |
|  ||🏃||  ||  ||  |
|  ||  ||  ||  ||  |
Score: 0
|  ||  ||  ||  ||  |
|  ||  ||  ||  ||  |
|  ||  ||  ||  ||  |
|  ||  ||  ||  ||  |
|  ||  ||  ||  ||  |
|  ||  ||  ||  ||  |
|  ||  ||  ||  ||  |
|  ||  ||  ||  ||  |
|  ||  ||  ||  ||  |
|  ||  ||  ||  ||  |
|  ||  ||  ||  ||  |
|  ||  ||🚧||  ||  |
|  ||  ||  ||  ||  |
|🧱||🚆||💵||  ||  |
|  ||  ||  ||  ||  |
|  ||  ||  ||  ||  |
|  ||  ||  ||  ||  |
|  ||  ||  ||  ||  |
|🏃||  ||  ||  ||  |
|  ||  ||  ||  ||  |
Score: 0
|  ||  ||  ||  ||  |
|  ||  ||  ||  ||  |
|  ||  ||  ||  ||  |
|  ||  ||  ||  ||  |
|  ||  ||  ||  ||  |
|  ||  ||  ||  ||  |
|  ||  ||  ||  ||  |
|  ||  ||  ||  ||  |
|  ||  ||  ||  ||  |
|  ||  ||  ||  ||  |
|  ||  ||  ||  ||  |
|  ||  ||🚧||  ||  |
|  ||  ||  ||  ||  |
|🧱||🚆||💵||  ||  |
|  ||  ||  ||  ||  |
|  ||  ||  ||  ||  |
|  ||  ||  ||  ||  |
|  ||  ||  ||  ||  |
|  ||🏃||  ||  ||  |
|  ||  ||  ||  ||  |
Score: 0
|  ||  ||  ||  ||  |
|  ||  ||  ||  ||  |
|  ||  ||  ||  ||  |
|  ||  ||  ||  ||  |
|  ||  ||  ||  ||  |
|  ||  ||  ||  ||  |
|  ||  ||  ||  ||  |
|  ||  ||  ||  ||  |
|  ||  ||  ||  ||  |
|  ||  ||  ||  ||  |
|  ||  ||  ||  ||  |
|  ||  ||🚧||  ||  |
|  ||  ||  ||  ||  |
|🧱||🚆||💵||  ||  |
|  ||  ||  ||  ||  |
|  ||  ||  ||  ||  |
|  ||  ||  ||  ||  |
|  ||  ||  ||  ||  |
|🏃||  ||  ||  ||  |
|  ||  ||  ||  ||  |
Score: 0
|  ||  ||  ||  ||  |
|  ||  ||  ||  ||  |
|  ||  ||  ||  ||  |
|  ||  ||  ||  ||  |
|  ||  ||  ||  ||  |
|  ||  ||  ||  ||  |
|  ||  ||  ||  ||  |
|  ||  ||  ||  ||  |
|  ||  ||  ||  ||  |
|  ||  ||  ||  ||  |
|  ||  ||  ||  ||  |
|  ||  ||🚧||  ||  |
|  ||  ||  ||  ||  |
|🧱||🚆||💵||  ||  |
|  ||  ||  ||  ||  |
|  ||  ||  ||  ||  |
|  ||  ||  ||  ||  |
|  ||  ||  ||  ||  |
|🏃||  ||  ||  ||  |
|  ||  ||  ||  ||  |
Score: 0
|  ||  ||  ||  ||  |
|  ||  ||  ||  ||  |
|  ||  ||  ||  ||  |
|  ||  ||  ||  ||  |
|  ||  ||  ||  ||  |
|  ||  ||  ||  ||  |
|  ||  ||  ||  ||  |
|  ||  ||  ||  ||  |
|  ||  ||  ||  ||  |
|  ||  ||  ||  ||  |
|  ||  ||  ||  ||  |
|  ||  ||🚧||  ||  |
|  ||  ||  ||  ||  |
|🧱||🚆||💵||  ||  |
|  ||  ||  ||  ||  |
|  ||  ||  ||  ||  |
|  ||  ||  ||  ||  |
|  ||  ||  ||  ||  |
|🏃||  ||  ||  ||  |
|  ||  ||  ||  ||  |
Score: 0
|  ||  ||  ||  ||  |
|  ||  ||  ||  ||  |
|  ||  ||  ||  ||  |
|  ||  ||  ||  ||  |
|  ||  ||  ||  ||  |
|  ||  ||  ||  ||  |
|  ||  ||  ||  ||  |
|  ||  ||  ||  ||  |
|  ||  ||  ||  ||  |
|  ||  ||  ||  ||  |
|  ||  ||  ||  ||  |
|  ||  ||🚧||  ||  |
|  ||  ||  ||  ||  |
|🧱||🚆||💵||  ||  |
|  ||  ||  ||  ||  |
|  ||  ||  ||  ||  |
|  ||  ||  ||  ||  |
|  ||  ||  ||  ||  |
|  ||🏃||  ||  ||  |
|  ||  ||  ||  ||  |
Score: 0
|  ||  ||  ||  ||  |
|  ||  ||  ||  ||  |
|  ||  ||  ||  ||  |
|  ||  ||  ||  ||  |
|  ||  ||  ||  ||  |
|  ||  ||  ||  ||  |
|  ||  ||  ||  ||  |
|  ||  ||  ||  ||  |
|  ||  ||  ||  ||  |
|  ||  ||  ||  ||  |
|  ||  ||  ||  ||  |
|  ||  ||🚧||  ||  |
|  ||  ||  ||  ||  |
|🧱||🚆||💵||  ||  |
|  ||  ||  ||  ||  |
|  ||  ||  ||  ||  |
|  ||  ||  ||  ||  |
|  ||  ||  ||  ||  |
|  ||  ||🏃||  ||  |
|  ||  ||  ||  ||  |
Score: 0
|  ||  ||  ||  ||  |
|  ||  ||  ||  ||  |
|  ||  ||  ||  ||  |
|  ||  ||  ||  ||  |
|  ||  ||  ||  ||  |
|  ||  ||  ||  ||  |
|  ||  ||  ||  ||  |
|  ||  ||  ||  ||  |
|  ||  ||  ||  ||  |
|  ||  ||  ||  ||  |
|  ||  ||  ||  ||  |
|  ||  ||🚧||  ||  |
|  ||  ||  ||  ||  |
|🧱||🚆||💵||  ||  |
|  ||  ||  ||  ||  |
|  ||  ||  ||  ||  |
|  ||  ||  ||  ||  |
|  ||  ||  ||  ||  |
|  ||  ||  ||🏃||  |
|  ||  ||  ||  ||  |
Score: 0
|  ||  ||  ||  ||  |
|  ||  ||  ||  ||  |
|  ||  ||  ||  ||  |
|  ||  ||  ||  ||  |
|  ||  ||  ||  ||  |
|  ||  ||  ||  ||  |
|  ||  ||  ||  ||  |
|  ||  ||  ||  ||  |
|  ||  ||  ||  ||  |
|  ||  ||  ||  ||  |
|  ||  ||  ||  ||  |
|  ||  ||🚧||  ||  |
|  ||  ||  ||  ||  |
|🧱||🚆||💵||  ||  |
|  ||  ||  ||  ||  |
|  ||  ||  ||  ||  |
|  ||  ||  ||  ||  |
|  ||  ||  ||  ||  |
|  ||  ||  ||  ||🏃|
|  ||  ||  ||  ||  |
Score: 0
|  ||  ||  ||  ||  |
|  ||  ||  ||  ||  |
|  ||  ||  ||  ||  |
|  ||  ||  ||  ||  |
|  ||  ||  ||  ||  |
|  ||  ||  ||  ||  |
|  ||  ||  ||  ||  |
|  ||  ||  ||  ||  |
|  ||  ||  ||  ||  |
|  ||  ||  ||  ||  |
|  ||  ||  ||  ||  |
|  ||  ||🚧||  ||  |
|  ||  ||  ||  ||  |
|🧱||🚆||💵||  ||  |
|  ||  ||  ||  ||  |
|  ||  ||  ||  ||  |
|  ||  ||  ||  ||  |
|  ||  ||  ||  ||  |
|  ||  ||  ||  ||🏃|
|  ||  ||  ||  ||  |
Score: 0
Column 0: 6
Column 1: 12
Column 2: 6
Column 3: 5
Column 4: 11
New safe column: 1
|  ||  ||  ||  ||  |
|  ||  ||  ||  ||  |
|  ||  ||  ||  ||  |
|  ||  ||  ||  ||  |
|  ||  ||  ||  ||  |
|  ||  ||  ||  ||  |
|  ||  ||  ||  ||  |
|  ||  ||  ||  ||  |
|  ||  ||  ||  ||  |
|  ||  ||  ||  ||  |
|  ||  ||  ||  ||  |
|  ||  ||  ||  ||  |
|  ||  ||🚧||  ||  |
|  ||  ||  ||  ||  |
|🧱||🚆||💵||  ||  |
|  ||  ||  ||  ||  |
|  ||  ||  ||  ||  |
|  ||  ||  ||  ||  |
|  ||  ||  ||  ||🏃|
|  ||  ||  ||  ||  |
Score: 1
|  ||  ||  ||  ||  |
|  ||  ||  ||  ||  |
|  ||  ||  ||  ||  |
|  ||  ||  ||  ||  |
|  ||  ||  ||  ||  |
|  ||  ||  ||  ||  |
|  ||  ||  ||  ||  |
|  ||  ||  ||  ||  |
|  ||  ||  ||  ||  |
|  ||  ||  ||  ||  |
|  ||  ||  ||  ||  |
|  ||  ||  ||  ||  |
|  ||  ||🚧||  ||  |
|  ||  ||  ||  ||  |
|🧱||🚆||💵||  ||  |
|  ||  ||  ||  ||  |
|  ||  ||  ||  ||  |
|  ||  ||  ||  ||  |
|  ||  ||  ||🏃||  |
|  ||  ||  ||  ||  |
Score: 1
|  ||  ||  ||  ||  |
|  ||  ||  ||  ||  |
|  ||  ||  ||  ||  |
|  ||  ||  ||  ||  |
|  ||  ||  ||  ||  |
|  ||  ||  ||  ||  |
|  ||  ||  ||  ||  |
|  ||  ||  ||  ||  |
|  ||  ||  ||  ||  |
|  ||  ||  ||  ||  |
|  ||  ||  ||  ||  |
|  ||  ||  ||  ||  |
|  ||  ||🚧||  ||  |
|  ||  ||  ||  ||  |
|🧱||🚆||💵||  ||  |
|  ||  ||  ||  ||  |
|  ||  ||  ||  ||  |
|  ||  ||  ||  ||  |
|  ||  ||🏃||  ||  |
|  ||  ||  ||  ||  |
Score: 1
|  ||  ||  ||  ||  |
|  ||  ||  ||  ||  |
|  ||  ||  ||  ||  |
|  ||  ||  ||  ||  |
|  ||  ||  ||  ||  |
|  ||  ||  ||  ||  |
|  ||  ||  ||  ||  |
|  ||  ||  ||  ||  |
|  ||  ||  ||  ||  |
|  ||  ||  ||  ||  |
|  ||  ||  ||  ||  |
|  ||  ||  ||  ||  |
|  ||  ||  ||  ||  |
|  ||  ||🚧||  ||  |
|  ||  ||  ||  ||  |
|🧱||🚆||💵||  ||  |
|  ||  ||  ||  ||  |
|  ||  ||  ||  ||  |
|  ||  ||🏃||  ||  |
|  ||  ||  ||  ||  |
Score: 2
|  ||  ||  ||  ||  |
|  ||  ||  ||  ||  |
|  ||  ||  ||  ||  |
|  ||  ||  ||  ||  |
|  ||  ||  ||  ||  |
|  ||  ||  ||  ||  |
|  ||  ||  ||  ||  |
|  ||  ||  ||  ||  |
|  ||  ||  ||  ||  |
|  ||  ||  ||  ||  |
|  ||  ||  ||  ||  |
|  ||  ||  ||  ||  |
|  ||  ||  ||  ||  |
|  ||  ||🚧||  ||  |
|  ||  ||  ||  ||  |
|🧱||🚆||💵||  ||  |
|  ||  ||  ||  ||  |
|  ||  ||  ||  ||  |
|  ||  ||  ||🏃||  |
|  ||  ||  ||  ||  |
Score: 2
|💵||  ||💵||💵||💵|
|  ||  ||  ||  ||  |
|  ||  ||  ||  ||  |
|  ||  ||  ||  ||  |
|  ||  ||  ||  ||  |
|  ||  ||  ||  ||  |
|  ||  ||  ||  ||  |
|  ||  ||  ||  ||  |
|  ||  ||  ||  ||  |
|  ||  ||  ||  ||  |
|  ||  ||  ||  ||  |
|  ||  ||  ||  ||  |
|  ||  ||  ||  ||  |
|  ||  ||  ||  ||  |
|  ||  ||🚧||  ||  |
|  ||  ||  ||  ||  |
|🧱||🚆||💵||  ||  |
|  ||  ||  ||  ||  |
|  ||  ||  ||🏃||  |
|  ||  ||  ||  ||  |
Score: 3
|🚧||  ||🚧||🚆||🧱|
|💵||  ||💵||💵||💵|
|  ||  ||  ||  ||  |
|  ||  ||  ||  ||  |
|  ||  ||  ||  ||  |
|  ||  ||  ||  ||  |
|  ||  ||  ||  ||  |
|  ||  ||  ||  ||  |
|  ||  ||  ||  ||  |
|  ||  ||  ||  ||  |
|  ||  ||  ||  ||  |
|  ||  ||  ||  ||  |
|  ||  ||  ||  ||  |
|  ||  ||  ||  ||  |
|  ||  ||  ||  ||  |
|  ||  ||🚧||  ||  |
|  ||  ||  ||  ||  |
|🧱||🚆||💵||  ||  |
|  ||  ||  ||🏃||  |
|  ||  ||  ||  ||  |
Score: 4
|  ||  ||  ||🚆||🚆|
|🚧||  ||🚧||🚆||🧱|
|💵||  ||💵||💵||💵|
|  ||  ||  ||  ||  |
|  ||  ||  ||  ||  |
|  ||  ||  ||  ||  |
|  ||  ||  ||  ||  |
|  ||  ||  ||  ||  |
|  ||  ||  ||  ||  |
|  ||  ||  ||  ||  |
|  ||  ||  ||  ||  |
|  ||  ||  ||  ||  |
|  ||  ||  ||  ||  |
|  ||  ||  ||  ||  |
|  ||  ||  ||  ||  |
|  ||  ||  ||  ||  |
|  ||  ||🚧||  ||  |
|  ||  ||  ||  ||  |
|🧱||🚆||💵||🏃||  |
|  ||  ||  ||  ||  |
Score: 5
|  ||  ||  ||🚆||🚆|
|  ||  ||  ||🚆||🚆|
|🚧||  ||🚧||🚆||🧱|
|💵||  ||💵||💵||💵|
|  ||  ||  ||  ||  |
|  ||  ||  ||  ||  |
|  ||  ||  ||  ||  |
|  ||  ||  ||  ||  |
|  ||  ||  ||  ||  |
|  ||  ||  ||  ||  |
|  ||  ||  ||  ||  |
|  ||  ||  ||  ||  |
|  ||  ||  ||  ||  |
|  ||  ||  ||  ||  |
|  ||  ||  ||  ||  |
|  ||  ||  ||  ||  |
|  ||  ||  ||  ||  |
|  ||  ||🚧||  ||  |
|  ||  ||  ||🏃||  |
|🧱||🚆||💵||  ||  |
Score: 6
|💵||  ||💵||  ||🚆|
|  ||  ||  ||🚆||🚆|
|  ||  ||  ||🚆||🚆|
|🚧||  ||🚧||🚆||🧱|
|💵||  ||💵||💵||💵|
|  ||  ||  ||  ||  |
|  ||  ||  ||  ||  |
|  ||  ||  ||  ||  |
|  ||  ||  ||  ||  |
|  ||  ||  ||  ||  |
|  ||  ||  ||  ||  |
|  ||  ||  ||  ||  |
|  ||  ||  ||  ||  |
|  ||  ||  ||  ||  |
|  ||  ||  ||  ||  |
|  ||  ||  ||  ||  |
|  ||  ||  ||  ||  |
|  ||  ||  ||  ||  |
|  ||  ||🚧||🏃||  |
|  ||  ||  ||  ||  |
Score: 7
|💵||  ||💵||🚆||🚆|
|💵||  ||💵||  ||🚆|
|  ||  ||  ||🚆||🚆|
|  ||  ||  ||🚆||🚆|
|🚧||  ||🚧||🚆||🧱|
|💵||  ||💵||💵||💵|
|  ||  ||  ||  ||  |
|  ||  ||  ||  ||  |
|  ||  ||  ||  ||  |
|  ||  ||  ||  ||  |
|  ||  ||  ||  ||  |
|  ||  ||  ||  ||  |
|  ||  ||  ||  ||  |
|  ||  ||  ||  ||  |
|  ||  ||  ||  ||  |
|  ||  ||  ||  ||  |
|  ||  ||  ||  ||  |
|  ||  ||  ||  ||  |
|  ||  ||  ||🏃||  |
|  ||  ||🚧||  ||  |
Score: 8
Column 4: 9
|  ||  ||  ||  ||💵|
|💵||  ||💵||🚆||🚆|
|💵||  ||💵||  ||🚆|
|  ||  ||  ||🚆||🚆|
|  ||  ||  ||🚆||🚆|
|🚧||  ||🚧||🚆||🧱|
|💵||  ||💵||💵||💵|
|  ||  ||  ||  ||  |
|  ||  ||  ||  ||  |
|  ||  ||  ||  ||  |
|  ||  ||  ||  ||  |
|  ||  ||  ||  ||  |
|  ||  ||  ||  ||  |
|  ||  ||  ||  ||  |
|  ||  ||  ||  ||  |
|  ||  ||  ||  ||  |
|  ||  ||  ||  ||  |
|  ||  ||  ||  ||  |
|  ||  ||  ||🏃||  |
|  ||  ||  ||  ||  |
Score: 9
|  ||  ||  ||  ||💵|
|💵||  ||💵||🚆||🚆|
|💵||  ||💵||  ||🚆|
|  ||  ||  ||🚆||🚆|
|  ||  ||  ||🚆||🚆|
|🚧||  ||🚧||🚆||🧱|
|💵||  ||💵||💵||💵|
|  ||  ||  ||  ||  |
|  ||  ||  ||  ||  |
|  ||  ||  ||  ||  |
|  ||  ||  ||  ||  |
|  ||  ||  ||  ||  |
|  ||  ||  ||  ||  |
|  ||  ||  ||  ||  |
|  ||  ||  ||  ||  |
|  ||  ||  ||  ||  |
|  ||  ||  ||  ||  |
|  ||  ||  ||  ||  |
|  ||  ||🏃||  ||  |
|  ||  ||  ||  ||  |
Score: 9
|  ||  ||  ||  ||💵|
|💵||  ||💵||🚆||🚆|
|💵||  ||💵||  ||🚆|
|  ||  ||  ||🚆||🚆|
|  ||  ||  ||🚆||🚆|
|🚧||  ||🚧||🚆||🧱|
|💵||  ||💵||💵||💵|
|  ||  ||  ||  ||  |
|  ||  ||  ||  ||  |
|  ||  ||  ||  ||  |
|  ||  ||  ||  ||  |
|  ||  ||  ||  ||  |
|  ||  ||  ||  ||  |
|  ||  ||  ||  ||  |
|  ||  ||  ||  ||  |
|  ||  ||  ||  ||  |
|  ||  ||  ||  ||  |
|  ||  ||  ||  ||  |
|  ||🏃||  ||  ||  |
|  ||  ||  ||  ||  |
Score: 9
|🚧||  ||🚧||  ||  |
|  ||  ||  ||  ||💵|
|💵||  ||💵||🚆||🚆|
|💵||  ||💵||  ||🚆|
|  ||  ||  ||🚆||🚆|
|  ||  ||  ||🚆||🚆|
|🚧||  ||🚧||🚆||🧱|
|💵||  ||💵||💵||💵|
|  ||  ||  ||  ||  |
|  ||  ||  ||  ||  |
|  ||  ||  ||  ||  |
|  ||  ||  ||  ||  |
|  ||  ||  ||  ||  |
|  ||  ||  ||  ||  |
|  ||  ||  ||  ||  |
|  ||  ||  ||  ||  |
|  ||  ||  ||  ||  |
|  ||  ||  ||  ||  |
|  ||🏃||  ||  ||  |
|  ||  ||  ||  ||  |
Score: 10
Column 0: 11
Column 1: 12
Column 2: 13
Column 3: 8
New safe column: 4
|  ||  ||  ||💵||  |
|🚧||  ||🚧||  ||  |
|  ||  ||  ||  ||💵|
|💵||  ||💵||🚆||🚆|
|💵||  ||💵||  ||🚆|
|  ||  ||  ||🚆||🚆|
|  ||  ||  ||🚆||🚆|
|🚧||  ||🚧||🚆||🧱|
|💵||  ||💵||💵||💵|
|  ||  ||  ||  ||  |
|  ||  ||  ||  ||  |
|  ||  ||  ||  ||  |
|  ||  ||  ||  ||  |
|  ||  ||  ||  ||  |
|  ||  ||  ||  ||  |
|  ||  ||  ||  ||  |
|  ||  ||  ||  ||  |
|  ||  ||  ||  ||  |
|  ||🏃||  ||  ||  |
|  ||  ||  ||  ||  |
Score: 11
|  ||  ||  ||  ||  |
|  ||  ||  ||💵||  |
|🚧||  ||🚧||  ||  |
|  ||  ||  ||  ||💵|
|💵||  ||💵||🚆||🚆|
|💵||  ||💵||  ||🚆|
|  ||  ||  ||🚆||🚆|
|  ||  ||  ||🚆||🚆|
|🚧||  ||🚧||🚆||🧱|
|💵||  ||💵||💵||💵|
|  ||  ||  ||  ||  |
|  ||  ||  ||  ||  |
|  ||  ||  ||  ||  |
|  ||  ||  ||  ||  |
|  ||  ||  ||  ||  |
|  ||  ||  ||  ||  |
|  ||  ||  ||  ||  |
|  ||  ||  ||  ||  |
|  ||🏃||  ||  ||  |
|  ||  ||  ||  ||  |
Score: 12
|💵||💵||  ||💵||  |
|  ||  ||  ||  ||  |
|  ||  ||  ||💵||  |
|🚧||  ||🚧||  ||  |
|  ||  ||  ||  ||💵|
|💵||  ||💵||🚆||🚆|
|💵||  ||💵||  ||🚆|
|  ||  ||  ||🚆||🚆|
|  ||  ||  ||🚆||🚆|
|🚧||  ||🚧||🚆||🧱|
|💵||  ||💵||💵||💵|
|  ||  ||  ||  ||  |
|  ||  ||  ||  ||  |
|  ||  ||  ||  ||  |
|  ||  ||  ||  ||  |
|  ||  ||  ||  ||  |
|  ||  ||  ||  ||  |
|  ||  ||  ||  ||  |
|  ||🏃||  ||  ||  |
|  ||  ||  ||  ||  |
Score: 13
Column 1: 10
|🧱||💵||🧱||  ||  |
|💵||💵||  ||💵||  |
|  ||  ||  ||  ||  |
|  ||  ||  ||💵||  |
|🚧||  ||🚧||  ||  |
|  ||  ||  ||  ||💵|
|💵||  ||💵||🚆||🚆|
|💵||  ||💵||  ||🚆|
|  ||  ||  ||🚆||🚆|
|  ||  ||  ||🚆||🚆|
|🚧||  ||🚧||🚆||🧱|
|💵||  ||💵||💵||💵|
|  ||  ||  ||  ||  |
|  ||  ||  ||  ||  |
|  ||  ||  ||  ||  |
|  ||  ||  ||  ||  |
|  ||  ||  ||  ||  |
|  ||  ||  ||  ||  |
|  ||🏃||  ||  ||  |
|  ||  ||  ||  ||  |
Score: 14
|🚆||💵||🧱||💵||  |
|🧱||💵||🧱||  ||  |
|💵||💵||  ||💵||  |
|  ||  ||  ||  ||  |
|  ||  ||  ||💵||  |
|🚧||  ||🚧||  ||  |
|  ||  ||  ||  ||💵|
|💵||  ||💵||🚆||🚆|
|💵||  ||💵||  ||🚆|
|  ||  ||  ||🚆||🚆|
|  ||  ||  ||🚆||🚆|
|🚧||  ||🚧||🚆||🧱|
|💵||  ||💵||💵||💵|
|  ||  ||  ||  ||  |
|  ||  ||  ||  ||  |
|  ||  ||  ||  ||  |
|  ||  ||  ||  ||  |
|  ||  ||  ||  ||  |
|  ||🏃||  ||  ||  |
|  ||  ||  ||  ||  |
Score: 15
Column 2: 0
|🚆||💵||  ||  ||  |
|🚆||💵||🧱||💵||  |
|🧱||💵||🧱||  ||  |
|💵||💵||  ||💵||  |
|  ||  ||  ||  ||  |
|  ||  ||  ||💵||  |
|🚧||  ||🚧||  ||  |
|  ||  ||  ||  ||💵|
|💵||  ||💵||🚆||🚆|
|💵||  ||💵||  ||🚆|
|  ||  ||  ||🚆||🚆|
|  ||  ||  ||🚆||🚆|
|🚧||  ||🚧||🚆||🧱|
|💵||  ||💵||💵||💵|
|  ||  ||  ||  ||  |
|  ||  ||  ||  ||  |
|  ||  ||  ||  ||  |
|  ||  ||  ||  ||  |
|  ||🏃||  ||  ||  |
|  ||  ||  ||  ||  |
Score: 16
|🚆||💵||  ||💵||  |
|🚆||💵||  ||  ||  |
|🚆||💵||🧱||💵||  |
|🧱||💵||🧱||  ||  |
|💵||💵||  ||💵||  |
|  ||  ||  ||  ||  |
|  ||  ||  ||💵||  |
|🚧||  ||🚧||  ||  |
|  ||  ||  ||  ||💵|
|💵||  ||💵||🚆||🚆|
|💵||  ||💵||  ||🚆|
|  ||  ||  ||🚆||🚆|
|  ||  ||  ||🚆||🚆|
|🚧||  ||🚧||🚆||🧱|
|💵||  ||💵||💵||💵|
|  ||  ||  ||  ||  |
|  ||  ||  ||  ||  |
|  ||  ||  ||  ||  |
|  ||🏃||  ||  ||  |
|  ||  ||  ||  ||  |
Score: 17
|🚆||💵||  ||  ||  |
|🚆||💵||  ||💵||  |
|🚆||💵||  ||  ||  |
|🚆||💵||🧱||💵||  |
|🧱||💵||🧱||  ||  |
|💵||💵||  ||💵||  |
|  ||  ||  ||  ||  |
|  ||  ||  ||💵||  |
|🚧||  ||🚧||  ||  |
|  ||  ||  ||  ||💵|
|💵||  ||💵||🚆||🚆|
|💵||  ||💵||  ||🚆|
|  ||  ||  ||🚆||🚆|
|  ||  ||  ||🚆||🚆|
|🚧||  ||🚧||🚆||🧱|
|💵||  ||💵||💵||💵|
|  ||  ||  ||  ||  |
|  ||  ||  ||  ||  |
|  ||🏃||  ||  ||  |
|  ||  ||  ||  ||  |
Score: 18
Column 0: 0
|  ||💵||  ||💵||  |
|🚆||💵||  ||  ||  |
|🚆||💵||  ||💵||  |
|🚆||💵||  ||  ||  |
|🚆||💵||🧱||💵||  |
|🧱||💵||🧱||  ||  |
|💵||💵||  ||💵||  |
|  ||  ||  ||  ||  |
|  ||  ||  ||💵||  |
|🚧||  ||🚧||  ||  |
|  ||  ||  ||  ||💵|
|💵||  ||💵||🚆||🚆|
|💵||  ||💵||  ||🚆|
|  ||  ||  ||🚆||🚆|
|  ||  ||  ||🚆||🚆|
|🚧||  ||🚧||🚆||🧱|
|💵||  ||💵||💵||💵|
|  ||  ||  ||  ||  |
|  ||🏃||  ||  ||  |
|  ||  ||  ||  ||  |
Score: 19
|  ||💵||  ||  ||  |
|  ||💵||  ||💵||  |
|🚆||💵||  ||  ||  |
|🚆||💵||  ||💵||  |
|🚆||💵||  ||  ||  |
|🚆||💵||🧱||💵||  |
|🧱||💵||🧱||  ||  |
|💵||💵||  ||💵||  |
|  ||  ||  ||  ||  |
|  ||  ||  ||💵||  |
|🚧||  ||🚧||  ||  |
|  ||  ||  ||  ||💵|
|💵||  ||💵||🚆||🚆|
|💵||  ||💵||  ||🚆|
|  ||  ||  ||🚆||🚆|
|  ||  ||  ||🚆||🚆|
|🚧||  ||🚧||🚆||🧱|
|💵||  ||💵||💵||💵|
|  ||🏃||  ||  ||  |
|  ||  ||  ||  ||  |
Score: 20
Column 3: 0
Column 4: 0
New safe column: 2
|  ||💵||  ||  ||  |
|  ||💵||  ||  ||  |
|  ||💵||  ||💵||  |
|🚆||💵||  ||  ||  |
|🚆||💵||  ||💵||  |
|🚆||💵||  ||  ||  |
|🚆||💵||🧱||💵||  |
|🧱||💵||🧱||  ||  |
|💵||💵||  ||💵||  |
|  ||  ||  ||  ||  |
|  ||  ||  ||💵||  |
|🚧||  ||🚧||  ||  |
|  ||  ||  ||  ||💵|
|💵||  ||💵||🚆||🚆|
|💵||  ||💵||  ||🚆|
|  ||  ||  ||🚆||🚆|
|  ||  ||  ||🚆||🚆|
|🚧||  ||🚧||🚆||🧱|
|💵||🏃||💵||💵||💵|
|  ||  ||  ||  ||  |
Score: 21
|  ||💵||  ||  ||  |
|  ||💵||  ||  ||  |
|  ||💵||  ||  ||  |
|  ||💵||  ||💵||  |
|🚆||💵||  ||  ||  |
|🚆||💵||  ||💵||  |
|🚆||💵||  ||  ||  |
|🚆||💵||🧱||💵||  |
|🧱||💵||🧱||  ||  |
|💵||💵||  ||💵||  |
|  ||  ||  ||  ||  |
|  ||  ||  ||💵||  |
|🚧||  ||🚧||  ||  |
|  ||  ||  ||  ||💵|
|💵||  ||💵||🚆||🚆|
|💵||  ||💵||  ||🚆|
|  ||  ||  ||🚆||🚆|
|  ||  ||  ||🚆||🚆|
|🚧||🏃||🚧||🚆||🧱|
|💵||  ||💵||💵||💵|
Score: 22
|  ||💵||  ||  ||  |
|  ||💵||  ||  ||  |
|  ||💵||  ||  ||  |
|  ||💵||  ||  ||  |
|  ||💵||  ||💵||  |
|🚆||💵||  ||  ||  |
|🚆||💵||  ||💵||  |
|🚆||💵||  ||  ||  |
|🚆||💵||🧱||💵||  |
|🧱||💵||🧱||  ||  |
|💵||💵||  ||💵||  |
|  ||  ||  ||  ||  |
|  ||  ||  ||💵||  |
|🚧||  ||🚧||  ||  |
|  ||  ||  ||  ||💵|
|💵||  ||💵||🚆||🚆|
|💵||  ||💵||  ||🚆|
|  ||  ||  ||🚆||🚆|
|  ||🏃||  ||🚆||🚆|
|🚧||  ||🚧||🚆||🧱|
Score: 23
Column 1: 10
|  ||💵||  ||  ||  |
|  ||💵||  ||  ||  |
|  ||💵||  ||  ||  |
|  ||💵||  ||  ||  |
|  ||💵||  ||  ||  |
|  ||💵||  ||💵||  |
|🚆||💵||  ||  ||  |
|🚆||💵||  ||💵||  |
|🚆||💵||  ||  ||  |
|🚆||💵||🧱||💵||  |
|🧱||💵||🧱||  ||  |
|💵||💵||  ||💵||  |
|  ||  ||  ||  ||  |
|  ||  ||  ||💵||  |
|🚧||  ||🚧||  ||  |
|  ||  ||  ||  ||💵|
|💵||  ||💵||🚆||🚆|
|💵||  ||💵||  ||🚆|
|  ||🏃||  ||🚆||🚆|
|  ||  ||  ||🚆||🚆|
Score: 24
|  ||💵||  ||  ||  |
|  ||💵||  ||  ||  |
|  ||💵||  ||  ||  |
|  ||💵||  ||  ||  |
|  ||💵||  ||  ||  |
|  ||💵||  ||  ||  |
|  ||💵||  ||💵||  |
|🚆||💵||  ||  ||  |
|🚆||💵||  ||💵||  |
|🚆||💵||  ||  ||  |
|🚆||💵||🧱||💵||  |
|🧱||💵||🧱||  ||  |
|💵||💵||  ||💵||  |
|  ||  ||  ||  ||  |
|  ||  ||  ||💵||  |
|🚧||  ||🚧||  ||  |
|  ||  ||  ||  ||💵|
|💵||  ||💵||🚆||🚆|
|💵||🏃||💵||  ||🚆|
|  ||  ||  ||🚆||🚆|
Score: 25
|  ||💵||  ||  ||  |
|  ||💵||  ||  ||  |
|  ||💵||  ||  ||  |
|  ||💵||  ||  ||  |
|  ||💵||  ||  ||  |
|  ||💵||  ||  ||  |
|  ||💵||  ||  ||  |
|  ||💵||  ||💵||  |
|🚆||💵||  ||  ||  |
|🚆||💵||  ||💵||  |
|🚆||💵||  ||  ||  |
|🚆||💵||🧱||💵||  |
|🧱||💵||🧱||  ||  |
|💵||💵||  ||💵||  |
|  ||  ||  ||  ||  |
|  ||  ||  ||💵||  |
|🚧||  ||🚧||  ||  |
|  ||  ||  ||  ||💵|
|💵||🏃||💵||🚆||🚆|
|💵||  ||💵||  ||🚆|
Score: 26
|  ||💵||  ||  ||  |
|  ||💵||  ||  ||  |
|  ||💵||  ||  ||  |
|  ||💵||  ||  ||  |
|  ||💵||  ||  ||  |
|  ||💵||  ||  ||  |
|  ||💵||  ||  ||  |
|  ||💵||  ||  ||  |
|  ||💵||  ||💵||  |
|🚆||💵||  ||  ||  |
|🚆||💵||  ||💵||  |
|🚆||💵||  ||  ||  |
|🚆||💵||🧱||💵||  |
|🧱||💵||🧱||  ||  |
|💵||💵||  ||💵||  |
|  ||  ||  ||  ||  |
|  ||  ||  ||💵||  |
|🚧||  ||🚧||  ||  |
|  ||🏃||  ||  ||💵|
|💵||  ||💵||🚆||🚆|
Score: 27
|  ||💵||  ||  ||  |
|  ||💵||  ||  ||  |
|  ||💵||  ||  ||  |
|  ||💵||  ||  ||  |
|  ||💵||  ||  ||  |
|  ||💵||  ||  ||  |
|  ||💵||  ||  ||  |
|  ||💵||  ||  ||  |
|  ||💵||  ||💵||  |
|🚆||💵||  ||  ||  |
|🚆||💵||  ||💵||  |
|🚆||💵||  ||  ||  |
|🚆||💵||🧱||💵||  |
|🧱||💵||🧱||  ||  |
|💵||💵||  ||💵||  |
|  ||  ||  ||  ||  |
|  ||  ||  ||💵||  |
|🚧||  ||🚧||  ||  |
|  ||  ||🏃||  ||💵|
|💵||  ||💵||🚆||🚆|
Score: 27
|  ||💵||  ||  ||  |
|  ||💵||  ||  ||  |
|  ||💵||  ||  ||  |
|  ||💵||  ||  ||  |
|  ||💵||  ||  ||  |
|  ||💵||  ||  ||  |
|  ||💵||  ||  ||  |
|  ||💵||  ||  ||  |
|  ||💵||  ||💵||  |
|🚆||💵||  ||  ||  |
|🚆||💵||  ||💵||  |
|🚆||💵||  ||  ||  |
|🚆||💵||🧱||💵||  |
|🧱||💵||🧱||  ||  |
|💵||💵||  ||💵||  |
|  ||  ||  ||  ||  |
|  ||  ||  ||💵||  |
|🚧||  ||🚧||  ||  |
|  ||  ||🧎||  ||💵|
|💵||  ||💵||🚆||🚆|
Score: 27
|  ||💵||  ||  ||  |
|  ||💵||  ||  ||  |
|  ||💵||  ||  ||  |
|  ||💵||  ||  ||  |
|  ||💵||  ||  ||  |
|  ||💵||  ||  ||  |
|  ||💵||  ||  ||  |
|  ||💵||  ||  ||  |
|  ||💵||  ||  ||  |
|  ||💵||  ||💵||  |
|🚆||💵||  ||  ||  |
|🚆||💵||  ||💵||  |
|🚆||💵||  ||  ||  |
|🚆||💵||🧱||💵||  |
|🧱||💵||🧱||  ||  |
|💵||💵||  ||💵||  |
|  ||  ||  ||  ||  |
|  ||  ||  ||💵||  |
|🚧||  ||🧎||  ||  |
|  ||  ||  ||  ||💵|
Score: 30
Column 0: 12
|  ||💵||  ||  ||  |
|  ||💵||  ||  ||  |
|  ||💵||  ||  ||  |
|  ||💵||  ||  ||  |
|  ||💵||  ||  ||  |
|  ||💵||  ||  ||  |
|  ||💵||  ||  ||  |
|  ||💵||  ||  ||  |
|  ||💵||  ||  ||  |
|  ||💵||  ||  ||  |
|  ||💵||  ||💵||  |
|🚆||💵||  ||  ||  |
|🚆||💵||  ||💵||  |
|🚆||💵||  ||  ||  |
|🚆||💵||🧱||💵||  |
|🧱||💵||🧱||  ||  |
|💵||💵||  ||💵||  |
|  ||  ||  ||  ||  |
|  ||  ||🧎||💵||  |
|🚧||  ||🚧||  ||  |
Score: 31
|  ||💵||  ||  ||  |
|  ||💵||  ||  ||  |
|  ||💵||  ||  ||  |
|  ||💵||  ||  ||  |
|  ||💵||  ||  ||  |
|  ||💵||  ||  ||  |
|  ||💵||  ||  ||  |
|  ||💵||  ||  ||  |
|  ||💵||  ||  ||  |
|  ||💵||  ||  ||  |
|  ||💵||  ||  ||  |
|  ||💵||  ||💵||  |
|🚆||💵||  ||  ||  |
|🚆||💵||  ||💵||  |
|🚆||💵||  ||  ||  |
|🚆||💵||🧱||💵||  |
|🧱||💵||🧱||  ||  |
|💵||💵||  ||💵||  |
|  ||  ||🧎||  ||  |
|  ||  ||  ||💵||  |
Score: 32
|  ||💵||  ||  ||  |
|  ||💵||  ||  ||  |
|  ||💵||  ||  ||  |
|  ||💵||  ||  ||  |
|  ||💵||  ||  ||  |
|  ||💵||  ||  ||  |
|  ||💵||  ||  ||  |
|  ||💵||  ||  ||  |
|  ||💵||  ||  ||  |
|  ||💵||  ||  ||  |
|  ||💵||  ||  ||  |
|  ||💵||  ||💵||  |
|🚆||💵||  ||  ||  |
|🚆||💵||  ||💵||  |
|🚆||💵||  ||  ||  |
|🚆||💵||🧱||💵||  |
|🧱||💵||🧱||  ||  |
|💵||💵||  ||💵||  |
|  ||  ||  ||🧎||  |
|  ||  ||  ||💵||  |
Score: 32
Column 2: 8
Column 3: 4
Column 4: 2
New safe column: 3
|💵||💵||💵||  ||💵|
|  ||💵||  ||  ||  |
|  ||💵||  ||  ||  |
|  ||💵||  ||  ||  |
|  ||💵||  ||  ||  |
|  ||💵||  ||  ||  |
|  ||💵||  ||  ||  |
|  ||💵||  ||  ||  |
|  ||💵||  ||  ||  |
|  ||💵||  ||  ||  |
|  ||💵||  ||  ||  |
|  ||💵||  ||  ||  |
|  ||💵||  ||💵||  |
|🚆||💵||  ||  ||  |
|🚆||💵||  ||💵||  |
|🚆||💵||  ||  ||  |
|🚆||💵||🧱||💵||  |
|🧱||💵||🧱||  ||  |
|💵||💵||  ||🏃||  |
|  ||  ||  ||  ||  |
Score: 36
Column 0: 6
|  ||💵||  ||  ||  |
|💵||💵||💵||  ||💵|
|  ||💵||  ||  ||  |
|  ||💵||  ||  ||  |
|  ||💵||  ||  ||  |
|  ||💵||  ||  ||  |
|  ||💵||  ||  ||  |
|  ||💵||  ||  ||  |
|  ||💵||  ||  ||  |
|  ||💵||  ||  ||  |
|  ||💵||  ||  ||  |
|  ||💵||  ||  ||  |
|  ||💵||  ||  ||  |
|  ||💵||  ||💵||  |
|🚆||💵||  ||  ||  |
|🚆||💵||  ||💵||  |
|🚆||💵||  ||  ||  |
|🚆||💵||🧱||💵||  |
|🧱||💵||🧱||🏃||  |
|💵||💵||  ||  ||  |
Score: 37
|  ||💵||💵||  ||  |
|  ||💵||  ||  ||  |
|💵||💵||💵||  ||💵|
|  ||💵||  ||  ||  |
|  ||💵||  ||  ||  |
|  ||💵||  ||  ||  |
|  ||💵||  ||  ||  |
|  ||💵||  ||  ||  |
|  ||💵||  ||  ||  |
|  ||💵||  ||  ||  |
|  ||💵||  ||  ||  |
|  ||💵||  ||  ||  |
|  ||💵||  ||  ||  |
|  ||💵||  ||  ||  |
|  ||💵||  ||💵||  |
|🚆||💵||  ||  ||  |
|🚆||💵||  ||💵||  |
|🚆||💵||  ||  ||  |
|🚆||💵||🧱||🏃||  |
|🧱||💵||🧱||  ||  |
Score: 41
Column 1: 12
|💵||  ||  ||  ||  |
|  ||💵||💵||  ||  |
|  ||💵||  ||  ||  |
|💵||💵||💵||  ||💵|
|  ||💵||  ||  ||  |
|  ||💵||  ||  ||  |
|  ||💵||  ||  ||  |
|  ||💵||  ||  ||  |
|  ||💵||  ||  ||  |
|  ||💵||  ||  ||  |
|  ||💵||  ||  ||  |
|  ||💵||  ||  ||  |
|  ||💵||  ||  ||  |
|  ||💵||  ||  ||  |
|  ||💵||  ||  ||  |
|  ||💵||  ||💵||  |
|🚆||💵||  ||  ||  |
|🚆||💵||  ||💵||  |
|🚆||💵||  ||🏃||  |
|🚆||💵||🧱||  ||  |
Score: 42
|💵||  ||  ||  ||  |
|  ||💵||💵||  ||  |
|  ||💵||  ||  ||  |
|💵||💵||💵||  ||💵|
|  ||💵||  ||  ||  |
|  ||💵||  ||  ||  |
|  ||💵||  ||  ||  |
|  ||💵||  ||  ||  |
|  ||💵||  ||  ||  |
|  ||💵||  ||  ||  |
|  ||💵||  ||  ||  |
|  ||💵||  ||  ||  |
|  ||💵||  ||  ||  |
|  ||💵||  ||  ||  |
|  ||💵||  ||  ||  |
|  ||💵||  ||💵||  |
|🚆||💵||  ||  ||  |
|🚆||💵||  ||💵||  |
|🚆||💵||🏃||  ||  |
|🚆||💵||🧱||  ||  |
Score: 42
|💵||  ||  ||  ||  |
|  ||💵||💵||  ||  |
|  ||💵||  ||  ||  |
|💵||💵||💵||  ||💵|
|  ||💵||  ||  ||  |
|  ||💵||  ||  ||  |
|  ||💵||  ||  ||  |
|  ||💵||  ||  ||  |
|  ||💵||  ||  ||  |
|  ||💵||  ||  ||  |
|  ||💵||  ||  ||  |
|  ||💵||  ||  ||  |
|  ||💵||  ||  ||  |
|  ||💵||  ||  ||  |
|  ||💵||  ||  ||  |
|  ||💵||  ||💵||  |
|🚆||💵||  ||  ||  |
|🚆||💵||  ||💵||  |
|🚆||🏃||  ||  ||  |
|🚆||💵||🧱||  ||  |
Score: 45
💥 You ran into a train! 😵
Game over, thanks for playing 😊!
